Arguments: 
  /home/travis/.nvm/versions/node/v10.16.2/bin/node /usr/share/yarn/bin/yarn.js add core-js/modules/es6.regexp.search regenerator-runtime/runtime

PATH: 
  /home/travis/.deno/bin:/home/travis/.vscode-server-insiders/bin/f24f483428f592a262dc73d68a3f05745c562b31/bin:/home/travis/.deno/bin:/home/travis/.nvm/versions/node/v10.16.2/bin:/home/travis/.vscode-server-insiders/bin/f24f483428f592a262dc73d68a3f05745c562b31/bin:/usr/local/sbin:/usr/local/bin:/usr/sbin:/usr/bin:/sbin:/bin:/usr/games:/usr/local/games:/home/travis/.yarn/bin:/home/travis/.yarn/bin

Yarn version: 
  1.19.1

Node version: 
  10.16.2

Platform: 
  linux x64

Trace: 
  Error: https://registry.yarnpkg.com/core-js%2fmodules/es6.regexp.search: Request "https://registry.yarnpkg.com/core-js%2fmodules/es6.regexp.search" returned a 405
      at Request.params.callback [as _callback] (/usr/share/yarn/lib/cli.js:66935:18)
      at Request.self.callback (/usr/share/yarn/lib/cli.js:140564:22)
      at Request.emit (events.js:198:13)
      at Request.<anonymous> (/usr/share/yarn/lib/cli.js:141536:10)
      at Request.emit (events.js:198:13)
      at IncomingMessage.<anonymous> (/usr/share/yarn/lib/cli.js:141458:12)
      at Object.onceWrapper (events.js:286:20)
      at IncomingMessage.emit (events.js:203:15)
      at endReadableNT (_stream_readable.js:1145:12)
      at process._tickCallback (internal/process/next_tick.js:63:19)

npm manifest: 
  {
    "name": "gridsome-plugin-flexsearch",
    "version": "0.0.0",
    "description": "Flexsearch plugin for Gridsome",
    "main": "gridsome.server.js",
    "license": "MIT",
    "author": {
      "name": "Travis Reynolds",
      "email": "travis@travisreynolds.dev",
      "url": "https://travisreynolds.dev"
    },
    "scripts": {
      "watch": "babel src --watch -d .",
      "build": "babel src -d ."
    },
    "dependencies": {
      "flexsearch": "^0.6.32",
      "fs-extra": "^8.1.0"
    }
  }

yarn manifest: 
  No manifest

Lockfile: 
  # THIS IS AN AUTOGENERATED FILE. DO NOT EDIT THIS FILE DIRECTLY.
  # yarn lockfile v1
  
  
  flexsearch@^0.6.32:
    version "0.6.32"
    resolved "https://registry.yarnpkg.com/flexsearch/-/flexsearch-0.6.32.tgz#1e20684d317af65baa445cdd9864a5f5b320f510"
    integrity sha512-EF1BWkhwoeLtbIlDbY/vDSLBen/E5l/f1Vg7iX5CDymQCamcx1vhlc3tIZxIDplPjgi0jhG37c67idFbjg+v+Q==
  
  fs-extra@^8.1.0:
    version "8.1.0"
    resolved "https://registry.yarnpkg.com/fs-extra/-/fs-extra-8.1.0.tgz#49d43c45a88cd9677668cb7be1b46efdb8d2e1c0"
    integrity sha512-yhlQgA6mnOJUKOsRUFsgJdQCvkKhcz8tlZG5HBQfReYZy46OwLcY+Zia0mtdHsOo9y/hP+CxMN0TU9QxoOtG4g==
    dependencies:
      graceful-fs "^4.2.0"
      jsonfile "^4.0.0"
      universalify "^0.1.0"
  
  graceful-fs@^4.1.6:
    version "4.1.15"
    resolved "https://registry.yarnpkg.com/graceful-fs/-/graceful-fs-4.1.15.tgz#ffb703e1066e8a0eeaa4c8b80ba9253eeefbfb00"
    integrity sha512-6uHUhOPEBgQ24HM+r6b/QwWfZq+yiFcipKFrOFiBEnWdy5sdzYoi+pJeQaPI5qOLRFqWmAXUPQNsielzdLoecA==
  
  graceful-fs@^4.2.0:
    version "4.2.3"
    resolved "https://registry.yarnpkg.com/graceful-fs/-/graceful-fs-4.2.3.tgz#4a12ff1b60376ef09862c2093edd908328be8423"
    integrity sha512-a30VEBm4PEdx1dRB7MFK7BejejvCvBronbLjht+sHuGYj8PHs7M/5Z+rt5lw551vZ7yfTCj4Vuyy3mSJytDWRQ==
  
  jsonfile@^4.0.0:
    version "4.0.0"
    resolved "https://registry.yarnpkg.com/jsonfile/-/jsonfile-4.0.0.tgz#8771aae0799b64076b76640fca058f9c10e33ecb"
    integrity sha1-h3Gq4HmbZAdrdmQPygWPnBDjPss=
    optionalDependencies:
      graceful-fs "^4.1.6"
  
  universalify@^0.1.0:
    version "0.1.2"
    resolved "https://registry.yarnpkg.com/universalify/-/universalify-0.1.2.tgz#b646f69be3942dabcecc9d6639c80dc105efaa66"
    integrity sha512-rBJeI5CXAlmy1pV+617WB9J63U6XcazHHF2f2dbJix4XzpUF0RS3Zbj0FGIOCAva5P/d/GBOYaACQ1w+0azUkg==
